[    0.000000] Initializing cgroup subsys cpuset
[    0.000000] Initializing cgroup subsys cpu
[    0.000000] Initializing cgroup subsys cpuacct
[    0.000000] Linux version 4.4.0-170-generic (buildd@lcy01-amd64-019) (gcc version 5.4.0 20160609 (Ubuntu 5.4.0-6ubuntu1~16.04.12) ) #199-Ubuntu SMP Thu Nov 14 01:45:04 UTC 2019 (Ubuntu 4.4.0-170.199-generic 4.4.200)
[    0.000000] Command line: BOOT_IMAGE=/boot/vmlinuz-4.4.0-170-generic root=LABEL=cloudimg-rootfs ro console=tty1 console=ttyS0
[    0.000000] KERNEL supported cpus:
[    0.000000]   Intel GenuineIntel
[    0.000000]   AMD AuthenticAMD
[    0.000000]   Centaur CentaurHauls
[    0.000000] [Firmware Bug]: TSC doesn't count with P0 frequency!
[    0.000000] x86/fpu: xstate_offset[2]:  576, xstate_sizes[2]:  256
[    0.000000] x86/fpu: Supporting XSAVE feature 0x01: 'x87 floating point registers'
[    0.000000] x86/fpu: Supporting XSAVE feature 0x02: 'SSE registers'
[    0.000000] x86/fpu: Supporting XSAVE feature 0x04: 'AVX registers'
[    0.000000] x86/fpu: Enabled xstate features 0x7, context size is 832 bytes, using 'standard' format.
[    0.000000] e820: BIOS-provided physical RAM map:
[    0.000000] BIOS-e820: [mem 0x0000000000000000-0x000000000009fbff] usable
[    0.000000] BIOS-e820: [mem 0x000000000009fc00-0x000000000009ffff] reserved
[    0.000000] BIOS-e820: [mem 0x00000000000f0000-0x00000000000fffff] reserved
[    0.000000] BIOS-e820: [mem 0x0000000000100000-0x000000003ffeffff] usable
[    0.000000] BIOS-e820: [mem 0x000000003fff0000-0x000000003fffffff] ACPI data
[    0.000000] BIOS-e820: [mem 0x00000000fec00000-0x00000000fec00fff] reserved
[    0.000000] BIOS-e820: [mem 0x00000000fee00000-0x00000000fee00fff] reserved
[    0.000000] BIOS-e820: [mem 0x00000000fffc0000-0x00000000ffffffff] reserved
[    0.000000] NX (Execute Disable) protection: active
[    0.000000] SMBIOS 2.5 present.
[    0.000000] Hypervisor detected: KVM
[    0.000000] Kernel/User page tables isolation: disabled
[    0.000000] e820: last_pfn = 0x3fff0 max_arch_pfn = 0x400000000
[    0.000000] MTRR: Disabled
[    0.000000] x86/PAT: MTRRs disabled, skipping PAT initialization too.
[    0.000000] CPU MTRRs all blank - virtualized system.
[    0.000000] x86/PAT: Configuration [0-7]: WB  WT  UC- UC  WB  WT  UC- UC  
[    0.000000] found SMP MP-table at [mem 0x0009fff0-0x0009ffff] mapped at [ffff88000009fff0]
[    0.000000] Scanning 1 areas for low memory corruption
[    0.000000] RAMDISK: [mem 0x362f4000-0x37171fff]
[    0.000000] ACPI: Early table checksum verification disabled
[    0.000000] ACPI: RSDP 0x00000000000E0000 000024 (v02 VBOX  )
[    0.000000] ACPI: XSDT 0x000000003FFF0030 00003C (v01 VBOX   VBOXXSDT 00000001 ASL  00000061)
[    0.000000] ACPI: FACP 0x000000003FFF00F0 0000F4 (v04 VBOX   VBOXFACP 00000001 ASL  00000061)
[    0.000000] ACPI: DSDT 0x000000003FFF0470 0022EA (v02 VBOX   VBOXBIOS 00000002 INTL 20100528)
[    0.000000] ACPI: FACS 0x000000003FFF0200 000040
[    0.000000] ACPI: FACS 0x000000003FFF0200 000040
[    0.000000] ACPI: APIC 0x000000003FFF0240 00005C (v02 VBOX   VBOXAPIC 00000001 ASL  00000061)
[    0.000000] ACPI: SSDT 0x000000003FFF02A0 0001CC (v01 VBOX   VBOXCPUT 00000002 INTL 20100528)
[    0.000000] No NUMA configuration found
[    0.000000] Faking a node at [mem 0x0000000000000000-0x000000003ffeffff]
[    0.000000] NODE_DATA(0) allocated [mem 0x3ffeb000-0x3ffeffff]
[    0.000000] kvm-clock: Using msrs 4b564d01 and 4b564d00
[    0.000000] kvm-clock: cpu 0, msr 0:3ffe3001, primary cpu clock
[    0.000000] kvm-clock: using sched offset of 7950970805 cycles
[    0.000000] clocksource: kvm-clock: mask: 0xffffffffffffffff max_cycles: 0x1cd42e4dffb, max_idle_ns: 881590591483 ns
[    0.000000] Zone ranges:
[    0.000000]   DMA      [mem 0x0000000000001000-0x0000000000ffffff]
[    0.000000]   DMA32    [mem 0x0000000001000000-0x000000003ffeffff]
[    0.000000]   Normal   empty
[    0.000000]   Device   empty
[    0.000000] Movable zone start for each node
[    0.000000] Early memory node ranges
[    0.000000]   node   0: [mem 0x0000000000001000-0x000000000009efff]
[    0.000000]   node   0: [mem 0x0000000000100000-0x000000003ffeffff]
[    0.000000] Initmem setup node 0 [mem 0x0000000000001000-0x000000003ffeffff]
[    0.000000] ACPI: PM-Timer IO Port: 0x4008
[    0.000000] IOAPIC[0]: apic_id 2, version 32, address 0xfec00000, GSI 0-23
[    0.000000] ACPI: INT_SRC_OVR (bus 0 bus_irq 0 global_irq 2 dfl dfl)
[    0.000000] ACPI: INT_SRC_OVR (bus 0 bus_irq 9 global_irq 9 low level)
[    0.000000] Using ACPI (MADT) for SMP configuration information
[    0.000000] smpboot: Allowing 2 CPUs, 0 hotplug CPUs
[    0.000000] PM: Registered nosave memory: [mem 0x00000000-0x00000fff]
[    0.000000] PM: Registered nosave memory: [mem 0x0009f000-0x0009ffff]
[    0.000000] PM: Registered nosave memory: [mem 0x000a0000-0x000effff]
[    0.000000] PM: Registered nosave memory: [mem 0x000f0000-0x000fffff]
[    0.000000] e820: [mem 0x40000000-0xfebfffff] available for PCI devices
[    0.000000] Booting paravirtualized kernel on KVM
[    0.000000] clocksource: refined-jiffies: mask: 0xffffffff max_cycles: 0xffffffff, max_idle_ns: 7645519600211568 ns
[    0.000000] setup_percpu: NR_CPUS:512 nr_cpumask_bits:512 nr_cpu_ids:2 nr_node_ids:1
[    0.000000] PERCPU: Embedded 33 pages/cpu @ffff88003fc00000 s95448 r8192 d31528 u1048576
[    0.000000] Built 1 zonelists in Node order, mobility grouping on.  Total pages: 257912
[    0.000000] Policy zone: DMA32
[    0.000000] Kernel command line: BOOT_IMAGE=/boot/vmlinuz-4.4.0-170-generic root=LABEL=cloudimg-rootfs ro console=tty1 console=ttyS0
[    0.000000] PID hash table entries: 4096 (order: 3, 32768 bytes)
[    0.000000] Memory: 997716K/1048120K available (8626K kernel code, 1336K rwdata, 4036K rodata, 1488K init, 1288K bss, 50404K reserved, 0K cma-reserved)
[    0.000000] SLUB: HWalign=64, Order=0-3, MinObjects=0, CPUs=2, Nodes=1
[    0.000000] Hierarchical RCU implementation.
[    0.000000] 	Build-time adjustment of leaf fanout to 64.
[    0.000000] 	RCU restricting CPUs from NR_CPUS=512 to nr_cpu_ids=2.
[    0.000000] RCU: Adjusting geometry for rcu_fanout_leaf=64, nr_cpu_ids=2
[    0.000000] NR_IRQS:33024 nr_irqs:440 16
[    0.000000] Console: colour VGA+ 80x25
[    0.000000] console [tty1] enabled
[    0.000000] console [ttyS0] enabled
[    0.000000] tsc: Detected 2295.690 MHz processor
[    0.414060] Calibrating delay loop (skipped) preset value.. 4591.38 BogoMIPS (lpj=9182760)
[    0.418618] pid_max: default: 32768 minimum: 301
[    0.421580] ACPI: Core revision 20150930
[    0.425359] ACPI: 2 ACPI AML tables successfully acquired and loaded
[    0.428740] Security Framework initialized
[    0.430894] Yama: becoming mindful.
[    0.433122] AppArmor: AppArmor initialized
[    0.435616] Dentry cache hash table entries: 131072 (order: 8, 1048576 bytes)
[    0.439726] Inode-cache hash table entries: 65536 (order: 7, 524288 bytes)
[    0.445960] Mount-cache hash table entries: 2048 (order: 2, 16384 bytes)
[    0.449349] Mountpoint-cache hash table entries: 2048 (order: 2, 16384 bytes)
[    0.453334] Initializing cgroup subsys io
[    0.455556] Initializing cgroup subsys memory
[    0.457909] Initializing cgroup subsys devices
[    0.460295] Initializing cgroup subsys freezer
[    0.462641] Initializing cgroup subsys net_cls
[    0.465437] Initializing cgroup subsys perf_event
[    0.468108] Initializing cgroup subsys net_prio
[    0.470526] Initializing cgroup subsys hugetlb
[    0.472980] Initializing cgroup subsys pids
[    0.475376] BIOS may not properly restore RDRAND after suspend, but hypervisor does not support hiding RDRAND via CPUID.
[    0.529743] mce: CPU supports 0 MCE banks
[    0.532053] Last level iTLB entries: 4KB 512, 2MB 1024, 4MB 512
[    0.535215] Last level dTLB entries: 4KB 1024, 2MB 1024, 4MB 512, 1GB 0
[    0.540720] Spectre V1 : Mitigation: usercopy/swapgs barriers and __user pointer sanitization
[    0.545705] Spectre V2 : Spectre mitigation: LFENCE not serializing, switching to generic retpoline
[    0.554709] Spectre V2 : Mitigation: Full generic retpoline
[    0.557940] Spectre V2 : Spectre v2 / SpectreRSB mitigation: Filling RSB on context switch
[    0.563892] Speculative Store Bypass: Mitigation: Speculative Store Bypass disabled via prctl and seccomp
[    0.577892] Freeing SMP alternatives memory: 36K
[    0.592940] ftrace: allocating 32302 entries in 127 pages
[    0.723449] smpboot: APIC(0) Converting physical 0 to logical package 0
[    0.726831] smpboot: Max logical packages: 1
[    0.729750] x2apic enabled
[    0.731959] Switched APIC routing to physical x2apic.
[    0.737061] ..TIMER: vector=0x30 apic1=0 pin1=2 apic2=-1 pin2=-1
[    0.848453] smpboot: CPU0: AMD A4-9125 RADEON R3, 4 COMPUTE CORES 2C+2G (family: 0x15, model: 0x70, stepping: 0x0)
[    0.855003] Performance Events: Broken PMU hardware detected, using software events only.
[    0.859637] Failed to access perfctr msr (MSR c0010007 is 0)
[    0.889786] KVM setup paravirtual spinlock
[    0.895011] x86: Booting SMP configuration:
[    0.898520] .... node  #0, CPUs:      #1
[    0.901880] kvm-clock: cpu 1, msr 0:3ffe3041, secondary cpu clock
[    0.954616] mce: CPU supports 0 MCE banks
[    0.959767] x86: Booted up 1 node, 2 CPUs
[    0.962805] smpboot: Total of 2 processors activated (9182.76 BogoMIPS)
[    0.967355] devtmpfs: initialized
[    0.973450] evm: security.selinux
[    0.975549] evm: security.SMACK64
[    0.977615] evm: security.SMACK64EXEC
[    0.980217] evm: security.SMACK64TRANSMUTE
[    0.982529] evm: security.SMACK64MMAP
[    0.984691] evm: security.ima
[    0.986680] evm: security.capability
[    0.991965] clocksource: jiffies: mask: 0xffffffff max_cycles: 0xffffffff, max_idle_ns: 7645041785100000 ns
[    0.997264] futex hash table entries: 512 (order: 3, 32768 bytes)
[    1.001372] pinctrl core: initialized pinctrl subsystem
[    1.004879] RTC time: 19:03:09, date: 12/28/19
[    1.009167] NET: Registered protocol family 16
[    1.022937] cpuidle: using governor ladder
[    1.042487] cpuidle: using governor menu
[    1.048189] PCCT header not found.
[    1.056544] ACPI: bus type PCI registered
[    1.061463] acpiphp: ACPI Hot Plug PCI Controller Driver version: 0.5
[    1.066275] PCI: Using configuration type 1 for base access
[    1.071543] PCI: Using configuration type 1 for extended access
[    1.097568] ACPI: Added _OSI(Module Device)
[    1.100796] ACPI: Added _OSI(Processor Device)
[    1.104485] ACPI: Added _OSI(3.0 _SCP Extensions)
[    1.107783] ACPI: Added _OSI(Processor Aggregator Device)
[    1.112445] ACPI: Executed 1 blocks of module-level executable AML code
[    1.126914] ACPI: Interpreter enabled
[    1.129800] ACPI: (supports S0 S5)
[    1.133014] ACPI: Using IOAPIC for interrupt routing
[    1.136650] PCI: Using host bridge windows from ACPI; if necessary, use "pci=nocrs" and report a bug
[    1.156976] ACPI: PCI Root Bridge [PCI0] (domain 0000 [bus 00-ff])
[    1.165139] acpi PNP0A03:00: _OSC: OS supports [ExtendedConfig ASPM ClockPM Segments MSI]
[    1.175974] acpi PNP0A03:00: _OSC: platform does not support [PCIeCapability]
[    1.184400] acpi PNP0A03:00: _OSC: not requesting control; platform does not support [PCIeCapability]
[    1.195083] acpi PNP0A03:00: _OSC: OS requested [PCIeHotplug PME AER PCIeCapability]
[    1.201964] acpi PNP0A03:00: _OSC: platform willing to grant [PCIeHotplug PME AER]
[    1.211655] acpi PNP0A03:00: _OSC failed (AE_SUPPORT); disabling ASPM
[    1.264320] PCI host bridge to bus 0000:00
[    1.268176] pci_bus 0000:00: root bus resource [io  0x0000-0x0cf7 window]
[    1.274158] pci_bus 0000:00: root bus resource [io  0x0d00-0xffff window]
[    1.282564] pci_bus 0000:00: root bus resource [mem 0x000a0000-0x000bffff window]
[    1.290351] pci_bus 0000:00: root bus resource [mem 0x40000000-0xfdffffff window]
[    1.299422] pci_bus 0000:00: root bus resource [bus 00-ff]
[    1.316707] pci 0000:00:01.1: legacy IDE quirk: reg 0x10: [io  0x01f0-0x01f7]
[    1.326035] pci 0000:00:01.1: legacy IDE quirk: reg 0x14: [io  0x03f6]
[    1.331236] pci 0000:00:01.1: legacy IDE quirk: reg 0x18: [io  0x0170-0x0177]
[    1.337866] pci 0000:00:01.1: legacy IDE quirk: reg 0x1c: [io  0x0376]
[    1.418402] pci 0000:00:07.0: quirk: [io  0x4000-0x403f] claimed by PIIX4 ACPI
[    1.422749] pci 0000:00:07.0: quirk: [io  0x4100-0x410f] claimed by PIIX4 SMB
[    1.470398] ACPI: PCI Interrupt Link [LNKA] (IRQs 5 9 10 *11)
[    1.474824] ACPI: PCI Interrupt Link [LNKB] (IRQs 5 9 *10 11)
[    1.478761] ACPI: PCI Interrupt Link [LNKC] (IRQs 5 *9 10 11)
[    1.482640] ACPI: PCI Interrupt Link [LNKD] (IRQs 5 9 10 *11)
[    1.486793] ACPI: Enabled 2 GPEs in block 00 to 07
[    1.490721] vgaarb: setting as boot device: PCI:0000:00:02.0
[    1.494420] vgaarb: device added: PCI:0000:00:02.0,decodes=io+mem,owns=io+mem,locks=none
[    1.500685] vgaarb: loaded
[    1.502724] vgaarb: bridge control possible 0000:00:02.0
[    1.508215] SCSI subsystem initialized
[    1.512263] ACPI: bus type USB registered
[    1.516065] usbcore: registered new interface driver usbfs
[    1.519975] usbcore: registered new interface driver hub
[    1.522722] usbcore: registered new device driver usb
[    1.526095] PCI: Using ACPI for IRQ routing
[    1.529276] NetLabel: Initializing
[    1.531275] NetLabel:  domain hash size = 128
[    1.533751] NetLabel:  protocols = UNLABELED CIPSOv4
[    1.536573] NetLabel:  unlabeled traffic allowed by default
[    1.539908] amd_nb: Cannot enumerate AMD northbridges
[    1.543145] clocksource: Switched to clocksource kvm-clock
[    1.564275] AppArmor: AppArmor Filesystem Enabled
[    1.566917] pnp: PnP ACPI init
[    1.570987] pnp: PnP ACPI: found 3 devices
[    1.590058] clocksource: acpi_pm: mask: 0xffffff max_cycles: 0xffffff, max_idle_ns: 2085701024 ns
[    1.595775] NET: Registered protocol family 2
[    1.598424] TCP established hash table entries: 8192 (order: 4, 65536 bytes)
[    1.602105] TCP bind hash table entries: 8192 (order: 5, 131072 bytes)
[    1.605379] TCP: Hash tables configured (established 8192 bind 8192)
[    1.609616] UDP hash table entries: 512 (order: 2, 16384 bytes)
[    1.613315] UDP-Lite hash table entries: 512 (order: 2, 16384 bytes)
[    1.616559] NET: Registered protocol family 1
[    1.619226] pci 0000:00:00.0: Limiting direct PCI/PCI transfers
[    1.622679] pci 0000:00:01.0: Activating ISA DMA hang workarounds
[    1.628366] Unpacking initramfs...
[    2.138893] Freeing initrd memory: 14840K
[    2.141830] clocksource: tsc: mask: 0xffffffffffffffff max_cycles: 0x21174d6ed11, max_idle_ns: 440795210673 ns
[    2.147915] platform rtc_cmos: registered platform RTC device (no PNP device found)
[    2.152165] Scanning for low memory corruption every 60 seconds
[    2.156090] audit: initializing netlink subsys (disabled)
[    2.159676] audit: type=2000 audit(1577559800.031:1): initialized
[    2.163423] Initialise system trusted keyring
[    2.166195] HugeTLB registered 2 MB page size, pre-allocated 0 pages
[    2.172610] zbud: loaded
[    2.175160] VFS: Disk quotas dquot_6.6.0
[    2.177441] VFS: Dquot-cache hash table entries: 512 (order 0, 4096 bytes)
[    2.181369] squashfs: version 4.0 (2009/01/31) Phillip Lougher
[    2.185144] fuse init (API version 7.23)
[    2.187975] Key type big_key registered
[    2.190283] Allocating IMA MOK and blacklist keyrings.
[    2.200132] Key type asymmetric registered
[    2.202655] Asymmetric key parser 'x509' registered
[    2.206639] Block layer SCSI generic (bsg) driver version 0.4 loaded (major 249)
[    2.211138] io scheduler noop registered
[    2.213331] io scheduler deadline registered (default)
[    2.216375] io scheduler cfq registered
[    2.219059] pci_hotplug: PCI Hot Plug PCI Core version: 0.5
[    2.221887] pciehp: PCI Express Hot Plug Controller Driver version: 0.4
[    2.225713] ACPI: AC Adapter [AC] (off-line)
[    2.228594] input: Power Button as /devices/LNXSYSTM:00/LNXPWRBN:00/input/input0
[    2.232433] ACPI: Power Button [PWRF]
[    2.234695] input: Sleep Button as /devices/LNXSYSTM:00/LNXSLPBN:00/input/input1
[    2.238948] ACPI: Sleep Button [SLPF]
[    2.242021] GHES: HEST is not enabled!
[    2.243766] ACPI: Battery Slot [BAT0] (battery present)
[    2.248714] Serial: 8250/16550 driver, 32 ports, IRQ sharing enabled
[    2.274707] 00:02: ttyS0 at I/O 0x3f8 (irq = 4, base_baud = 115200) is a 16550A
[    2.290775] Linux agpgart interface v0.103
[    2.300022] loop: module loaded
[    2.306230] scsi host0: ata_piix
[    2.309344] scsi host1: ata_piix
[    2.311615] ata1: PATA max UDMA/33 cmd 0x1f0 ctl 0x3f6 bmdma 0xd000 irq 14
[    2.315073] ata2: PATA max UDMA/33 cmd 0x170 ctl 0x376 bmdma 0xd008 irq 15
[    2.318791] libphy: Fixed MDIO Bus: probed
[    2.321795] tun: Universal TUN/TAP device driver, 1.6
[    2.324399] tun: (C) 1999-2004 Max Krasnyansky <maxk@qualcomm.com>
[    2.328050] PPP generic driver version 2.4.2
[    2.330693] ehci_hcd: USB 2.0 'Enhanced' Host Controller (EHCI) Driver
[    2.333954] ehci-pci: EHCI PCI platform driver
[    2.336382] ehci-platform: EHCI generic platform driver
[    2.339665] ohci_hcd: USB 1.1 'Open' Host Controller (OHCI) Driver
[    2.342974] ohci-pci: OHCI PCI platform driver
[    2.345491] ohci-platform: OHCI generic platform driver
[    2.348341] uhci_hcd: USB Universal Host Controller Interface driver
[    2.352835] i8042: PNP: PS/2 Controller [PNP0303:PS2K,PNP0f03:PS2M] at 0x60,0x64 irq 1,12
[    2.358592] serio: i8042 KBD port at 0x60,0x64 irq 1
[    2.361229] serio: i8042 AUX port at 0x60,0x64 irq 12
[    2.364644] mousedev: PS/2 mouse device common for all mice
[    2.368581] input: AT Translated Set 2 keyboard as /devices/platform/i8042/serio0/input/input2
[    2.374460] rtc_cmos rtc_cmos: rtc core: registered rtc_cmos as rtc0
[    2.377932] rtc_cmos rtc_cmos: alarms up to one day, 114 bytes nvram
[    2.381320] i2c /dev entries driver
[    2.383353] device-mapper: uevent: version 1.0.3
[    2.386444] device-mapper: ioctl: 4.34.0-ioctl (2015-10-28) initialised: dm-devel@redhat.com
[    2.391733] ledtrig-cpu: registered to indicate activity on CPUs
[    2.395723] x86/pm: family 0x15 cpu detected, MSR saving is needed during suspending.
[    2.400789] NET: Registered protocol family 10
[    2.403827] NET: Registered protocol family 17
[    2.406591] Key type dns_resolver registered
[    2.410686] registered taskstats version 1
[    2.413101] Loading compiled-in X.509 certificates
[    2.417051] Loaded X.509 cert 'Build time autogenerated kernel key: f0e56e97f406068ace47a9bf54316e9855aaaa43'
[    2.424488] zswap: loaded using pool lzo/zbud
[    2.438390] Key type trusted registered
[    2.454900] Key type encrypted registered
[    2.463373] AppArmor: AppArmor sha1 policy hashing enabled
[    2.469848] ima: No TPM chip found, activating TPM-bypass!
[    2.476873] ima: Allocated hash algorithm: sha1
[    2.483963] evm: HMAC attrs: 0x1
[    2.492215]   Magic number: 15:670:92
[    2.497165]  container: hash matches
[    2.503408] rtc_cmos rtc_cmos: setting system clock to 2019-12-28 19:03:11 UTC (1577559791)
[    2.520652] BIOS EDD facility v0.16 2004-Jun-25, 0 devices found
[    2.529635] EDD information not available.
[    2.538291] Freeing unused kernel memory: 1488K
[    2.562613] Write protecting the kernel read-only data: 14336k
[    2.568824] Freeing unused kernel memory: 1604K
[    2.571959] Freeing unused kernel memory: 60K
Loading, please wait...
starting version 229
[    2.672050] random: udevadm: uninitialized urandom read (16 bytes read, 3 bits of entropy available)
[    2.681213] random: udevadm: uninitialized urandom read (16 bytes read, 3 bits of entropy available)
[    2.681427] random: systemd-udevd: uninitialized urandom read (16 bytes read, 3 bits of entropy available)
[    2.681595] random: systemd-udevd: uninitialized urandom read (16 bytes read, 3 bits of entropy available)
[    2.681650] random: systemd-udevd: uninitialized urandom read (16 bytes read, 3 bits of entropy available)
[    2.681714] random: systemd-udevd: uninitialized urandom read (16 bytes read, 3 bits of entropy available)
[    2.754540] random: systemd-udevd: uninitialized urandom read (16 bytes read, 3 bits of entropy available)
[    2.760868] random: systemd-udevd: uninitialized urandom read (16 bytes read, 3 bits of entropy available)
[    2.768001] random: systemd-udevd: uninitialized urandom read (16 bytes read, 3 bits of entropy available)
[    2.778151] random: systemd-udevd: uninitialized urandom read (16 bytes read, 3 bits of entropy available)
[    2.981088] e1000: Intel(R) PRO/1000 Network Driver - version 7.3.21-k8-NAPI
[    2.988846] e1000: Copyright (c) 1999-2006 Intel Corporation.
[    3.003037] Fusion MPT base driver 3.04.20
[    3.007466] Copyright (c) 1999-2008 LSI Corporation
[    3.030416] Fusion MPT SPI Host driver 3.04.20
[    3.064199] AVX2 version of gcm_enc/dec engaged.
[    3.070443] AES CTR mode by8 optimization enabled
[    3.238326] input: ImExPS/2 Generic Explorer Mouse as /devices/platform/i8042/serio1/input/input4
[    3.594027] e1000 0000:00:03.0 eth0: (PCI:33MHz:32-bit) 02:4f:25:6a:cc:77
[    3.601515] e1000 0000:00:03.0 eth0: Intel(R) PRO/1000 Network Connection
[    3.610916] mptbase: ioc0: Initiating bringup
[    4.230129] ioc0: LSI53C1030 A0: Capabilities={Initiator}
[    4.499376] scsi host2: ioc0: LSI53C1030 A0, FwRev=00000000h, Ports=1, MaxQ=256, IRQ=20
[    4.981026] scsi 2:0:0:0: Direct-Access     VBOX     HARDDISK         1.0  PQ: 0 ANSI: 5
[    4.990036] scsi target2:0:0: Beginning Domain Validation
[    4.997964] scsi target2:0:0: Domain Validation skipping write tests
[    5.004004] scsi target2:0:0: Ending Domain Validation
[    5.008502] scsi target2:0:0: asynchronous
[    5.015749] scsi 2:0:1:0: Direct-Access     VBOX     HARDDISK         1.0  PQ: 0 ANSI: 5
[    5.031488] scsi target2:0:1: Beginning Domain Validation
[    5.041432] scsi target2:0:1: Domain Validation skipping write tests
[    5.047443] scsi target2:0:1: Ending Domain Validation
[    5.052681] scsi target2:0:1: asynchronous
[    5.072374] sd 2:0:0:0: [sda] 20971520 512-byte logical blocks: (10.7 GB/10.0 GiB)
[    5.092416] sd 2:0:0:0: Attached scsi generic sg0 type 0
[    5.095973] sd 2:0:1:0: Attached scsi generic sg1 type 0
[    5.098890] sd 2:0:1:0: [sdb] 20480 512-byte logical blocks: (10.5 MB/10.0 MiB)
[    5.105294] sd 2:0:1:0: [sdb] Write Protect is off
[    5.108009] sd 2:0:0:0: [sda] Write Protect is off
[    5.111040] sd 2:0:1:0: [sdb] Incomplete mode parameter data
[    5.115664] sd 2:0:1:0: [sdb] Assuming drive cache: write through
[    5.119481] sd 2:0:0:0: [sda] Incomplete mode parameter data
[    5.124130] sd 2:0:0:0: [sda] Assuming drive cache: write through
[    5.170873]  sda: sda1
[    5.175467] sd 2:0:0:0: [sda] Attached SCSI disk
[    5.194315] sd 2:0:1:0: [sdb] Attached SCSI disk
[    5.565721] e1000 0000:00:08.0 eth1: (PCI:33MHz:32-bit) 08:00:27:07:24:aa
[    5.574229] e1000 0000:00:08.0 eth1: Intel(R) PRO/1000 Network Connection
[    5.588219] e1000 0000:00:03.0 enp0s3: renamed from eth0
[    5.604885] e1000 0000:00:08.0 enp0s8: renamed from eth1
Begin: Loading essential drivers ... [    7.562938] md: linear personality registered for level -1
[    7.572935] md: multipath personality registered for level -4
[    7.583007] md: raid0 personality registered for level 0
[    7.595815] md: raid1 personality registered for level 1
[    7.676261] raid6: sse2x1   gen()  3983 MB/s
[    7.744696] raid6: sse2x1   xor()  2920 MB/s
[    7.817025] raid6: sse2x2   gen()  5278 MB/s
[    7.887379] raid6: sse2x2   xor()  3801 MB/s
[    7.956778] raid6: sse2x4   gen()  4133 MB/s
[    8.028039] raid6: sse2x4   xor()  2425 MB/s
[    8.096489] raid6: avx2x1   gen()  4798 MB/s
[    8.164854] raid6: avx2x2   gen()  4245 MB/s
[    8.235207] raid6: avx2x4   gen()  2885 MB/s
[    8.237555] raid6: using algorithm sse2x2 gen() 5278 MB/s
[    8.240573] raid6: .... xor() 3801 MB/s, rmw enabled
[    8.243152] raid6: using avx2x2 recovery algorithm
[    8.249746] xor: automatically using best checksumming function:
[    8.291185]    avx       :  5228.000 MB/sec
[    8.302344] async_tx: api initialized (async)
[    8.333455] md: raid6 personality registered for level 6
[    8.341377] md: raid5 personality registered for level 5
[    8.346787] md: raid4 personality registered for level 4
[    8.382247] md: raid10 personality registered for level 10
done.
Begin: Running /scripts/init-premount ... done.
Begin: Mounting root file system ... Begin: Running /scripts/local-top ... done.
Begin: Running /scripts/local-premount ... [    8.475382] Btrfs loaded
Scanning for Btrfs filesystems
done.
Warning: fsck not present, so skipping root file system
[    9.153637] EXT4-fs (sda1): mounted filesystem with ordered data mode. Opts: (null)
done.
Begin: Running /scripts/local-bottom ... done.
Begin: Running /scripts/init-bottom ... done.
[   10.333919] random: nonblocking pool is initialized
[   10.920216] systemd[1]: systemd 229 running in system mode. (+PAM +AUDIT +SELINUX +IMA +APPARMOR +SMACK +SYSVINIT +UTMP +LIBCRYPTSETUP +GCRYPT +GNUTLS +ACL +XZ -LZ4 +SECCOMP +BLKID +ELFUTILS +KMOD -IDN)
[   10.937434] systemd[1]: Detected virtualization oracle.
[   10.943305] systemd[1]: Detected architecture x86-64.

Welcome to [1mUbuntu 16.04.6 LTS[0m!

[   11.090462] systemd[1]: Set hostname to <ubuntu>.
[   11.162527] systemd[1]: Initializing machine ID from random generator.
[   11.166237] systemd[1]: Installed transient /etc/machine-id file.
[   12.249650] systemd[1]: Reached target User and Group Name Lookups.
[[0;32m  OK  [0m] Reached target User and Group Name Lookups.
[   12.272468] systemd[1]: Listening on Journal Socket (/dev/log).
[[0;32m  OK  [0m] Listening on Journal Socket (/dev/log).
[   12.294458] systemd[1]: Listening on Device-mapper event daemon FIFOs.
[[0;32m  OK  [0m] Listening on Device-mapper event daemon FIFOs.
[   12.312729] systemd[1]: Listening on LVM2 metadata daemon socket.
[[0;32m  OK  [0m] Listening on LVM2 metadata daemon socket.
[   12.328561] systemd[1]: Listening on Journal Socket.
[[0;32m  OK  [0m] Listening on Journal Socket.
[   12.343440] systemd[1]: Reached target Encrypted Volumes.
[[0;32m  OK  [0m] Reached target Encrypted Volumes.
[   12.364818] systemd[1]: Reached target System Time Synchronized.
[[0;32m  OK  [0m] Reached target System Time Synchronized.
[   12.383785] systemd[1]: Reached target Swap.
[[0;32m  OK  [0m] Reached target Swap.
[   12.400200] systemd[1]: Listening on udev Control Socket.
[[0;32m  OK  [0m] Listening on udev Control Socket.
[   12.418102] systemd[1]: Listening on /dev/initctl Compatibility Named Pipe.
[[0;32m  OK  [0m] Listening on /dev/initctl Compatibility Named Pipe.
[   12.450964] systemd[1]: Created slice User and Session Slice.
[[0;32m  OK  [0m] Created slice User and Session Slice.
[   12.508192] systemd[1]: Listening on LVM2 poll daemon socket.
[[0;32m  OK  [0m] Listening on LVM2 poll daemon socket.
[   12.536793] systemd[1]: Listening on udev Kernel Socket.
[[0;32m  OK  [0m] Listening on udev Kernel Socket.
[   12.561561] systemd[1]: Listening on Syslog Socket.
[[0;32m  OK  [0m] Listening on Syslog Socket.
[   12.597846] systemd[1]: Set up automount Arbitrary Executable File Formats File System Automount Point.
[[0;32m  OK  [0m] Set up automount Arbitrary Executab...ats File System Automount Point.
[   12.643512] systemd[1]: Started Forward Password Requests to Wall Directory Watch.
[[0;32m  OK  [0m] Started Forward Password Requests to Wall Directory Watch.
[   12.680428] systemd[1]: Created slice System Slice.
[[0;32m  OK  [0m] Created slice System Slice.
[   12.744234] systemd[1]: Starting Load Kernel Modules...
         Starting Load Kernel Modules...
[   12.763490] systemd[1]: Mounting POSIX Message Queue File System...
         Mounting POSIX Message Queue File System...
[   12.798563] systemd[1]: Starting Uncomplicated firewall...
         Starting Uncomplicated firewall...
[   12.823010] systemd[1]: Mounting Huge Pages File System...
         Mounting Huge Pages File System...
[   12.876674] systemd[1]: Starting Monitoring of LVM2 mirrors, snapshots etc. using dmeventd or progress polling...
         Starting Monitoring of LVM2 mirrors... dmeventd or progress polling...
[   12.892864] Loading iSCSI transport class v2.0-870.
[   12.902735] systemd[1]: Mounting Debug File System...
         Mounting Debug File System...
[   12.913465] systemd[1]: Created slice system-serial\x2dgetty.slice.
[[0;32m  OK  [0m] Created slice system-serial\x2dgetty.slice.
[   12.931541] systemd[1]: Starting Create list of required static device nodes for the current kernel...
         Starting Create list of required st... nodes for the current kernel...
[   12.956884] systemd[1]: Starting Remount Root and Kernel File Systems...
         Starting Remount Root and Kernel File Systems...
[   12.970727] systemd[1]: Starting Set console keymap...
         Starting Set console keymap...
[   13.395727] EXT4-fs (sda1): re-mounted. Opts: (null)
[   13.412241] systemd[1]: Starting Nameserver information manager...
         Starting Nameserver information manager...
[   13.492285] systemd[1]: Started Trigger resolvconf update for networkd DNS.
[[0;32m  OK  [0m] Started Trigger resolvconf update for networkd DNS.
[   13.513342] iscsi: registered transport (tcp)
[   13.513352] systemd[1]: Listening on Journal Audit Socket.
[[0;32m  OK  [0m] Listening on Journal Audit Socket.
[   13.593312] systemd[1]: Starting Journal Service...
         Starting Journal Service...
[   13.601430] systemd[1]: Reached target Slices.
[[0;32m  OK  [0m] Reached target Slices.
[   13.622127] systemd[1]: Mounted Debug File System.
[[0;32m  OK  [0m] Mounted Debug File System.
[   13.660784] systemd[1]: Mounted Huge Pages File System.
[[0;32m  OK  [0m] Mounted Huge Pages File System.
[   13.675594] systemd[1]: Mounted POSIX Message Queue File System.
[[0;32m  OK  [0m] Mounted POSIX Message Queue File System.
[   13.694536] systemd[1]: Started Uncomplicated firewall.
[[0;32m  OK  [0m] Started Uncomplicated firewall.
[   13.707775] systemd[1]: Started Create list of required static device nodes for the current kernel.
[[0;32m  OK  [0m] Started Create list of required sta...ce nodes for the current kernel.
[   13.733993] systemd[1]: Started Remount Root and Kernel File Systems.
[[0;32m  OK  [0m] Started Remount Root and Kernel File Systems.
[   13.912518] systemd[1]: Started Nameserver information manager.
[[0;32m  OK  [0m] Started Nameserver information manager.
[   13.925038] systemd[1]: Started Set console keymap.
[[0;32m  OK  [0m] Started Set console keymap.
[   14.060022] systemd[1]: Started LVM2 metadata daemon.
[[0;32m  OK  [0m] Started LVM2 metadata daemon.
[   14.081067] systemd[1]: Starting Load/Save Random Seed...
         Starting Load/Save Random Seed...
[   14.568113] systemd[1]: Starting udev Coldplug all Devices...
         Starting udev Coldplug all Devices...
[   14.584490] systemd[1]: Starting Create Static Device Nodes in /dev...
         Starting Create Static Device Nodes in /dev...
[   14.639787] systemd[1]: Started Load/Save Random Seed.
[[0;32m  OK  [0m] Started Load/Save Random Seed.
[   15.176117] systemd[1]: Started Journal Service.
[[0;32m  OK  [0m] Started Journal Service.
         Starting Flush Journal to Persistent Storage...
[[0;32m  OK  [0m] Started udev Coldplug all Devices.
[   15.362945] iscsi: registered transport (iser)
[[0;32m  OK  [0m] Started Load Kernel Modules.
         Mounting FUSE Control File System...
         Starting Apply Kernel Variables...
[[0;32m  OK  [0m] Mounted FUSE Control File System.
[[0;32m  OK  [0m] Started Monitoring of LVM2 mirrors,...ng dmeventd or progress polling.
[   15.572005] systemd-journald[404]: Received request to flush runtime journal from PID 1
[[0;32m  OK  [0m] Started Flush Journal to Persistent Storage.
[[0;32m  OK  [0m] Started Apply Kernel Variables.
[[0;32m  OK  [0m] Started Create Static Device Nodes in /dev.
[[0;32m  OK  [0m] Reached target Local File Systems (Pre).
[[0;32m  OK  [0m] Reached target Local File Systems.
         Starting Set console font and keymap...
         Starting Tell Plymouth To Write Out Runtime Data...
         Starting LSB: AppArmor initialization...
         Starting Create Volatile Files and Directories...
         Starting Initial cloud-init job (pre-networking)...
         Starting Commit a transient machine-id on disk...
         Starting udev Kernel Device Manager...
[[0;32m  OK  [0m] Started Tell Plymouth To Write Out Runtime Data.
[[0;32m  OK  [0m] Started Commit a transient machine-id on disk.
[[0;32m  OK  [0m] Started Create Volatile Files and Directories.
         Starting Update UTMP about System Boot/Shutdown...
[[0;32m  OK  [0m] Started Update UTMP about System Boot/Shutdown.
[[0;32m  OK  [0m] Started udev Kernel Device Manager.
[[0;32m  OK  [0m] Started Dispatch Password Requests to Console Directory Watch.
[[0;32m  OK  [0m] Found device /dev/ttyS0.
[[0;32m  OK  [0m] Started Set console font and keymap.
[[0;32m  OK  [0m] Created slice system-getty.slice.
[[0;32m  OK  [0m] Listening on Load/Save RF Kill Switch Status /dev/rfkill Watch.
[[0;32m  OK  [0m] Started LSB: AppArmor initialization.
[   23.536816] cloud-init[481]: Cloud-init v. 19.2-36-g059d049c-0ubuntu2~16.04.1 running 'init-local' at Sat, 28 Dec 2019 19:03:31 +0000. Up 22.46 seconds.
[[0;32m  OK  [0m] Started Initial cloud-init job (pre-networking).
[[0;32m  OK  [0m] Reached target Network (Pre).
         Starting Raise network interfaces...
[[0;32m  OK  [0m] Started Raise network interfaces.
[[0;32m  OK  [0m] Reached target Network.
         Starting Initial cloud-init job (metadata service crawler)...
[   31.953844] cloud-init[970]: Cloud-init v. 19.2-36-g059d049c-0ubuntu2~16.04.1 running 'init' at Sat, 28 Dec 2019 19:03:35 +0000. Up 25.72 seconds.
[   31.967389] cloud-init[970]: ci-info: ++++++++++++++++++++++++++++++++++++++Net device info+++++++++++++++++++++++++++++++++++++++
[   31.989624] cloud-init[970]: ci-info: +--------+-------+----------------------------+---------------+--------+-------------------+
[   32.076361] cloud-init[970]: ci-info: | Device |   Up  |          Address           |      Mask     | Scope  |     Hw-Address    |
[   32.253112] cloud-init[970]: ci-info: +--------+-------+----------------------------+---------------+--------+-------------------+
[   32.328825] cloud-init[970]: ci-info: | enp0s3 |  True |         10.0.2.15          | 255.255.255.0 | global | 02:4f:25:6a:cc:77 |
[   32.350263] cloud-init[970]: ci-info: | enp0s3 |  True | fe80::4f:25ff:fe6a:cc77/64 |       .       |  link  | 02:4f:25:6a:cc:77 |
[   32.376460] cloud-init[970]: ci-info: | enp0s8 | False |             .              |       .       |   .    | 08:00:27:07:24:aa |
[   32.512200] cloud-init[970]: ci-info: |   lo   |  True |         127.0.0.1          |   255.0.0.0   |  host  |         .         |
[   32.578346] cloud-init[970]: ci-info: |   lo   |  True |          ::1/128           |       .       |  host  |         .         |
[   32.586230] cloud-init[970]: ci-info: +--------+-------+----------------------------+---------------+--------+-------------------+
[   32.613122] cloud-init[970]: ci-info: +++++++++++++++++++++++++++Route IPv4 info++++++++++++++++++++++++++++
[   32.632065] cloud-init[970]: ci-info: +-------+-------------+----------+---------------+-----------+-------+
[   32.645750] cloud-init[970]: ci-info: | Route | Destination | Gateway  |    Genmask    | Interface | Flags |
[   32.691090] cloud-init[970]: ci-info: +-------+-------------+----------+---------------+-----------+-------+
[   32.703629] cloud-init[970]: ci-info: |   0   |   0.0.0.0   | 10.0.2.2 |    0.0.0.0    |   enp0s3  |   UG  |
[   32.733705] cloud-init[970]: ci-info: |   1   |   10.0.2.0  | 0.0.0.0  | 255.255.255.0 |   enp0s3  |   U   |
[[0;32m  OK  [0m] Started Initial cloud-init job (metadata service crawler).
[   32.807392] cloud-init[970]: ci-info: +-------+-------------+----------+---------------+-----------+-------+
[   32.833707] cloud-init[970]: ci-info: +++++++++++++++++++Route IPv6 info+++++++++++++++++++
[[0;32m  OK  [0m] Reached target Network is Online.
[   32.842444] cloud-init[970]: ci-info: +-------+-------------+---------+-----------+-------+
[   32.850462] cloud-init[970]: ci-info: | Route | Destination | Gateway | Interface | Flags |
[   32.861872] cloud-init[970]: ci-info: +-------+-------------+---------+-----------+-------+
[   32.870557] cloud-init[970]: ci-info: |   0   |  fe80::/64  |    ::   |   enp0s3  |   U   |
[   32.914412] cloud-init[970]: ci-info: |   3   |   ff00::/8  |    ::   |   enp0s3  |   U   |
[   32.929403] cloud-init[970]: ci-info: +-------+-------------+---------+-----------+-------+
[   32.940898] cloud-init[970]: Generating public/private rsa key pair.
[   32.953737] cloud-init[970]: Your identification has been saved in /etc/ssh/ssh_host_rsa_key.
[   32.963805] cloud-init[970]: Your public key has been saved in /etc/ssh/ssh_host_rsa_key.pub.
[   32.969604] cloud-init[970]: The key fingerprint is:
[   32.975922] cloud-init[970]: SHA256:uBuOHPHSmytSXaam3WBst6GdEO9+3zwT+J0XGC0y49c root@ubuntu-xenial
[   32.980020] cloud-init[970]: The key's randomart image is:
[   32.986303] cloud-init[970]: +---[RSA 2048]----+
[   32.998335] cloud-init[970]: |                 |
[   33.000722] cloud-init[970]: |                 |
[   33.003813] cloud-init[970]: |              .  |
[   33.014719]          cloud-initStarting iSCSI initiator daemon (iscsid)...[970]: 
|      ..o  + o . |
[   33.020159] cloud-init[970]: |    .o.*S . +.=  |
[   33.025379] cloud-init[970]: |    .+X.+  ..o.E |
[   33.030422] cloud-init[970]: |   .o*=O +  .. oo|
[   33.041177] cloud-init[970]: |  ..o=o=* .  o+.o|
[   33.045928] [[0;32m  OK  [0m] Reached target Cloud-config availability.
[[0;32m  OK  [0m] Reached target System Initialization.
         Starting Socket activation for snappy daemon.
[[0;32m  OK  [0m] Started Message of the Day.
cloud-init[970]: |   .o.*o.. .. oo.|
[   33.092327] cloud-init[970]: +----[SHA256]-----+
[   33.102335] cloud-init[970]: Generating public/private dsa key pair.
[   33.114387] cloud-init[970]: Your identification has been saved in /etc/ssh/ssh_host_dsa_key.
[   33.126758] cloud-init[970]: Your public key has been saved in /etc/ssh/ssh_host_dsa_key.pub.
[   33.131936] cloud-init[970]: The key fingerprint is:
[   33.148760] cloud-init[970]: SHA256:3a3Q6W7Ei+A6QOQYJwK3x34TSG5IRh216d/oxs6SYDQ root@ubuntu-xenial
[   33.157627] cloud-init[970]: The key's randomart image is:
[   33.169574] cloud-init[970]: +---[DSA 1024]----+
[   33.175446] cloud-init[970]: |o.=.oo.          |
[   33.178755] cloud-init[970]: |.+o*+. o         |
[   33.181758] cloud-init[970]: | .oB* +          |
[   33.186044] cloud-init[970]: |  .+E. . . o o   |
[   33.191063] cloud-init[970]: |   o..+ S o.+ .  |
[   33.195215] cloud-init[970]: |    +. o.o oo.   |
[   33.201247] cloud-init[970]: |   . o +o..oo.   |
[   33.212604] cloud-init[970]: |      +o+ ..o    |
[   33.219080] cloud-init[970]: |      .*+  ..    |
[   33.275923] cloud-init[970]: +----[SHA256]-----+
[   33.280377] cloud-init[970]: Generating public/private ecdsa key pair.
[   33.297437] cloud-init[970]: Your identification has been saved in /etc/ssh/ssh_host_ecdsa_key.
[   33.301384] cloud-init[970]: Your public key has been saved in /etc/ssh/ssh_host_ecdsa_key.pub.
[   33.310644] cloud-init[970]: The key fingerprint is:
[   33.313629] cloud-init[970]: SHA256:2n6z1hPmanhgyMy7LaaeT4clylrusoxWrYB5SeWGMQ8 root@ubuntu-xenial
[   33.318567] cloud-init[970]: The key's randomart image is:
[   33.327980] cloud-init[970]: +---[ECDSA 256]---+
[   33.339399] cloud-init[970]: |                 |
[   33.344023] cloud-init[970]: |  E .            |
[   33.352480] cloud-init[970]: |   O             |
[   33.358590] cloud-init[970]: |  o +            |
[   33.365166] cloud-init[970]: |.o o.+..S        |
[   33.370507] cloud-init[970]: |o.oo o=*o   o    |
[   33.378590] cloud-init[970]: | .o = +ooo + .   |
[   33.385201] cloud-init[970]: | +.= o++. * +    |
[   33.398134] cloud-init[970]: |o +=*+ooo=o+ .   |
[   33.400779] cloud-init[970]: +----[SHA256]-----+
[   33.403521] cloud-init[970]: Generating public/private ed25519 key pair.
[   33.414478] cloud-init[970]: Your identification has been saved in /etc/ssh/ssh_host_ed25519_key.
[   33.418941] cloud-init[970]: Your public key has been saved in /etc/ssh/ssh_host_ed25519_key.pub.
[   33.425171] cloud-init[970]: The key fingerprint is:
[   33.428146] cloud-init[970]: SHA256:SJfB/NVvjdYkKp4xI+PCKA7Y+moW+fz55nnH/SuvxkE root@ubuntu-xenial
[   33.433538] cloud-init[970]: The key's randomart image is:
[   33.436987] cloud-init[970]: +--[ED25519 256]--+
[   33.455059] cloud-init[970]: |       o.    .   |
[   33.467113] cloud-init[970]: |        oo  . o .|
[   33.476852] cloud-init[970]: |      . o. . . *.|
[   33.499017] cloud-init[970]: |     . oo * .Eo =|
[   33.503544] cloud-init[970]: |...  o..S+ *.. . |
[   33.515356] cloud-init[970]: |ooo . o . o  .   |
[   33.523497] cloud-init[970]: | ++.   .  . o .  |
[   33.531056] cloud-init[970]: |.o.o  .... o =   |
[   33.547378] cloud-init[970]: |+o. .o++. . ..=+.|
[   33.551634] cloud-init[970]: +----[SHA256]-----+
[[0;32m  OK  [0m] Started ACPI Events Check.
[[0;32m  OK  [0m] Reached target Paths.
[[0;32m  OK  [0m] Started Daily Cleanup of Temporary Directories.
[[0;32m  OK  [0m] Started Daily apt download activities.
[[0;32m  OK  [0m] Started Daily apt upgrade and clean activities.
[[0;32m  OK  [0m] Reached target Timers.
[[0;32m  OK  [0m] Listening on ACPID Listen Socket.
[[0;32m  OK  [0m] Listening on UUID daemon activation socket.
[[0;32m  OK  [0m] Listening on D-Bus System Message Bus Socket.
         Starting LXD - unix socket.
[[0;32m  OK  [0m] Listening on Socket activation for snappy daemon.
[[0;32m  OK  [0m] Listening on LXD - unix socket.
[[0;32m  OK  [0m] Reached target Sockets.
[[0;32m  OK  [0m] Reached target Basic System.
         Starting LSB: MD monitoring daemon...
         Starting Snappy daemon...
[[0;32m  OK  [0m] Started Deferred execution scheduler.
[[0;32m  OK  [0m] Started ACPI event daemon.
         Starting System Logging Service...
         Starting Accounts Service...
         Starting Pollinate to seed the pseudo random number generator...
         Starting Login Service...
         Starting LSB: Record successful boot for GRUB...
         Starting Virtualbox guest utils...
         Starting /etc/rc.local Compatibility...
[[0;32m  OK  [0m] Started Regular background program processing daemon.
[[0;32m  OK  [0m] Started FUSE filesystem for LXC.
[[0;32m  OK  [0m] Started D-Bus System Message Bus.
         Starting LXD - container startup/shutdown...
[[0;32m  OK  [0m] Started System Logging Service.
[[0;32m  OK  [0m] Started /etc/rc.local Compatibility.
[[0;32m  OK  [0m] Started iSCSI initiator daemon (iscsid).
[[0;32m  OK  [0m] Started Login Service.
[[0;32m  OK  [0m] Started Unattended Upgrades Shutdown.
         Starting Login to default iSCSI targets...
[[0;32m  OK  [0m] Started LSB: MD monitoring daemon.
         Starting Authenticate and Authorize Users to Run Privileged Tasks...
[[0;32m  OK  [0m] Started Login to default iSCSI targets.
[[0;32m  OK  [0m] Reached target Remote File Systems (Pre).
[[0;32m  OK  [0m] Reached target Remote File Systems.
         Starting LSB: Set the CPU Frequency Scaling governor to "ondemand"...
         Starting LSB: automatic crash report generation...
         Starting LSB: daemon to balance interrupts for SMP systems...
         Starting Permit User Sessions...
[[0;32m  OK  [0m] Started LSB: Record successful boot for GRUB.
[[0;32m  OK  [0m] Started LSB: Set the CPU Frequency Scaling governor to "ondemand".
[[0;32m  OK  [0m] Started Permit User Sessions.
         Starting Terminate Plymouth Boot Screen...
         Starting Hold until boot process finishes up...
[[0;32m  OK  [0m] Started Terminate Plymouth Boot Screen.
[[0;32m  OK  [0m] Started Hold until boot process finishes up.
[[0;32m  OK  [0m] Started LSB: automatic crash report generation.
[[0;32m  OK  [0m] Started Serial Getty on ttyS0.
[[0;32m  OK  [0m] Started Getty on tty1.
[[0;32m  OK  [0m] Reached target Login Prompts.
         Starting Set console scheme...
[[0;32m  OK  [0m] Started Authenticate and Authorize Users to Run Privileged Tasks.
[[0;32m  OK  [0m] Started Accounts Service.
[[0;32m  OK  [0m] Started LSB: daemon to balance interrupts for SMP systems.
[[0;32m  OK  [0m] Started Set console scheme.
[[0;32m  OK  [0m] Started Virtualbox guest utils.
[[0;32m  OK  [0m] Started Snappy daemon.
         Starting Wait until snapd is fully seeded...
[[0;32m  OK  [0m] Started LXD - container startup/shutdown.

Ubuntu 16.04.6 LTS ubuntu-xenial ttyS0

ubuntu-xenial login: [   52.149176] cloud-init[1415]: Generating locales (this might take a while)...
[   57.777646] cloud-init[1415]:   en_US.UTF-8... done
[   57.783001] cloud-init[1415]: Generation complete.
[   63.223270] cloud-init[1415]: Cloud-init v. 19.2-36-g059d049c-0ubuntu2~16.04.1 running 'modules:config' at Sat, 28 Dec 2019 19:04:00 +0000. Up 51.34 seconds.
ci-info: no authorized ssh keys fingerprints found for user ubuntu.
<14>Dec 28 19:04:14 ec2: 
<14>Dec 28 19:04:14 ec2: #############################################################
<14>Dec 28 19:04:14 ec2: -----BEGIN SSH HOST KEY FINGERPRINTS-----
<14>Dec 28 19:04:14 ec2: 1024 SHA256:3a3Q6W7Ei+A6QOQYJwK3x34TSG5IRh216d/oxs6SYDQ root@ubuntu-xenial (DSA)
<14>Dec 28 19:04:14 ec2: 256 SHA256:2n6z1hPmanhgyMy7LaaeT4clylrusoxWrYB5SeWGMQ8 root@ubuntu-xenial (ECDSA)
<14>Dec 28 19:04:14 ec2: 256 SHA256:SJfB/NVvjdYkKp4xI+PCKA7Y+moW+fz55nnH/SuvxkE root@ubuntu-xenial (ED25519)
<14>Dec 28 19:04:14 ec2: 2048 SHA256:uBuOHPHSmytSXaam3WBst6GdEO9+3zwT+J0XGC0y49c root@ubuntu-xenial (RSA)
<14>Dec 28 19:04:14 ec2: -----END SSH HOST KEY FINGERPRINTS-----
<14>Dec 28 19:04:14 ec2: #############################################################
-----BEGIN SSH HOST KEY KEYS-----
ecdsa-sha2-nistp256 AAAAE2VjZHNhLXNoYTItbmlzdHAyNTYAAAAIbmlzdHAyNTYAAABBBHRjYKJAJJoiXU5Ci2tiujn9u+d5r+pO1go1WEAB+yn3Ub8QVMeOzEK3roz8i7FHFzmDzh9tduNEynyzM49Atzs= root@ubuntu-xenial
ssh-ed25519 AAAAC3NzaC1lZDI1NTE5AAAAIGIZatW1mYeCrQGx3giiNdE10vX2fT5vHQH+U9RX16c+ root@ubuntu-xenial
ssh-rsa AAAAB3NzaC1yc2EAAAADAQABAAABAQDPZ4BCDsghWJnoPeWsYjskVQTFxO82VW/GcYab4/F0UjpsUWrSJcXFyGda+VV8WUs/ztxEGN5VIsJyZnhFCcBDiPhViZ+lUSfvrNh0QMg8OJSaimhnrzjj418MGCVYnWpytsY+6mjDQmlUXO9w1AV/pZT686ZyH738MAR4O0ngvabbUKr8z2eLF1HjM79r3h8Qtq86yWM175Q/UuuIvcDxK7WEhUSyiAguXFwpiiiwKJnUUTnjhMeoQL94fSZw6+xt5rBKMSihkK1FfyxKTvxIP5YR05j6uVOx+tEUzrDp9a2/YsRmNyRRxU99HAOHi81SuIbh4h9Z7modbKoBJfUN root@ubuntu-xenial
-----END SSH HOST KEY KEYS-----
[   65.132360] cloud-init[1579]: Cloud-init v. 19.2-36-g059d049c-0ubuntu2~16.04.1 running 'modules:final' at Sat, 28 Dec 2019 19:04:13 +0000. Up 64.38 seconds.
[   65.141256] cloud-init[1579]: ci-info: no authorized ssh keys fingerprints found for user ubuntu.
[   65.150776] cloud-init[1579]: Cloud-init v. 19.2-36-g059d049c-0ubuntu2~16.04.1 finished at Sat, 28 Dec 2019 19:04:14 +0000. Datasource DataSourceNoCloud [seed=/dev/sdb][dsmode=net].  Up 65.10 seconds
